Mémoire totale : 1,9 GiB
Instanciation du bot "Random"
12 classes ont été trouvées
class awele.bot.demo.random.RandomBot
class awele.bot.demo.last.LastBot
class awele.bot.competitor.PVS.Negascout
class awele.bot.competitor.gene.GeneBot
class awele.bot.demo.knn2.Knn2Bot
class awele.bot.competitor.se.ExpertSystem
class awele.bot.demo.first.FirstBot
class awele.bot.random.RandomBot
class awele.bot.demo.minmax.MinMaxBot
class awele.bot.competitor.segen.SEGEN
class awele.bot.competitor.MDTf.MTDf
class awele.bot.demo.knn1.Knn1Bot

Bot 1/12
Classe : awele.bot.demo.random.RandomBot
Instanciation du bot "Random"
Nom du bot : Random
Temps d'apprentissage : 00:00:00.000
Durée d'une prise de décision : 00:00:00.000
Usage mémoire : 272 B
Usage mémoire maximum : 901,1 KiB

Bot 2/12
Classe : awele.bot.demo.last.LastBot
Instanciation du bot "Last"
Nom du bot : Last
Temps d'apprentissage : 00:00:00.000
Durée d'une prise de décision : 00:00:00.000
Usage mémoire : 48 B
Usage mémoire maximum : 352,2 KiB

Bot 3/12
Classe : awele.bot.competitor.PVS.Negascout
Instanciation du bot "Negascout"
Nom du bot : Negascout
Temps d'apprentissage : 00:00:00.000
